<?xml version="1.0" encoding="UTF-8"?>
<!-- Generated by org.testng.reporters.JUnitReportReporter -->
<testsuite skipped="0" hostname="DESKTOP-U08J37N" name="test.LoginPageTest" tests="4" failures="0" timestamp="2020-01-27T19:47:01 CET" time="109.895" errors="0">
  <testcase name="loginToGuru99Page" time="33.798" classname="test.LoginPageTest"/>
  <testcase name="loginToGuru99Page" time="25.811" classname="test.LoginPageTest"/>
  <testcase name="loginToGuru99Page" time="26.534" classname="test.LoginPageTest"/>
  <testcase name="loginToGuru99Page" time="23.752" classname="test.LoginPageTest"/>
</testsuite> <!-- test.LoginPageTest -->
