<?xml version="1.0" encoding="UTF-8"?>
<!-- Generated by org.testng.reporters.JUnitReportReporter -->
<testsuite skipped="0" hostname="DESKTOP-U08J37N" name="lib.ExcelDataConfig" tests="1" failures="0" timestamp="2020-01-26T16:58:53 CET" time="1.685" errors="0">
  <testcase name="test" time="1.685" classname="lib.ExcelDataConfig"/>
</testsuite> <!-- lib.ExcelDataConfig -->
